03/01/2025 17:03:27 - HubbleParser: Started
03/01/2025 17:03:27 - APODParser: Started
03/01/2025 17:03:28 - HubbleParser: Getting image from: https://esahubble.org/images/archive/category/galaxies/page/7
03/01/2025 17:03:28 - HubbleParser: Image url: https://cdn.esahubble.org/archives/images/large/potw2002a.jpg
03/01/2025 17:03:28 - APODParser: Image url: https://apod.nasa.gov/apod/image/2204/SouthPoleShadows_LRO_1214.jpg
03/01/2025 17:11:29 - HubbleParser: Started
03/01/2025 17:11:29 - APODParser: Started
03/01/2025 17:11:29 - APODParser: Image url: https://apod.nasa.gov/apod/image/1608/PerseidsRadiant_Goldpaint_2500.jpg
03/01/2025 17:11:32 - HubbleParser: Getting image from: https://esahubble.org/images/archive/category/galaxies/page/35
03/01/2025 17:11:44 - HubbleParser: Image url: https://cdn.esahubble.org/archives/images/large/opo9734s.jpg
03/01/2025 17:17:56 - HubbleParser: Started
03/01/2025 17:17:56 - APODParser: Started
03/01/2025 17:17:56 - HubbleParser: Getting image from: https://esahubble.org/images/archive/category/galaxies/page/14
03/01/2025 17:17:56 - APODParser: Image url: https://apod.nasa.gov/apod/image/1612/lmcapodgleason.jpg
03/01/2025 17:17:57 - HubbleParser: Image url: https://cdn.esahubble.org/archives/images/large/opo9842a.jpg
03/01/2025 21:24:55 - HubbleParser: Started
03/01/2025 21:24:55 - APODParser: Started
03/01/2025 21:24:56 - HubbleParser: Getting image from: https://esahubble.org/images/archive/category/galaxies/page/19
03/01/2025 21:24:56 - APODParser: Image url: https://apod.nasa.gov/apod/image/2312/Geminids_Hongyang_3840.jpg
03/01/2025 21:24:56 - HubbleParser: Image url: https://cdn.esahubble.org/archives/images/large/potw1028a.jpg
03/01/2025 21:27:48 - APODParser: Started
03/01/2025 21:27:49 - APODParser: Image url: https://apod.nasa.gov/apod/image/2004/MoonSpringDai_1980crop.jpg
03/01/2025 21:28:46 - APODParser: Started
03/01/2025 21:28:47 - APODParser: Image url: https://apod.nasa.gov/apod/image/2207/STScI-WebbSouthernRing.png
03/01/2025 22:08:19 - HubbleParser: Started
03/01/2025 22:08:26 - HubbleParser: Getting image from: https://esahubble.org/images/archive/category/galaxies/page/15
03/01/2025 22:08:27 - HubbleParser: Image url: https://cdn.esahubble.org/archives/images/large/heic1911b.jpg
03/01/2025 22:16:27 - HubbleParser: Started
03/01/2025 22:16:27 - HubbleParser: Getting image from: https://esahubble.org/images/archive/category/galaxies/page/21
03/01/2025 22:16:28 - HubbleParser: Image url: https://cdn.esahubble.org/archives/images/large/heic1102c.jpg
03/01/2025 22:17:22 - HubbleParser: Started
03/01/2025 22:17:22 - HubbleParser: Getting image from: https://esahubble.org/images/archive/category/galaxies/page/3
03/01/2025 22:17:23 - HubbleParser: Image url: https://cdn.esahubble.org/archives/images/large/potw2447a.jpg
03/01/2025 22:23:52 - HubbleParser: Started
03/01/2025 22:23:53 - HubbleParser: Getting image from: https://esahubble.org/images/archive/category/galaxies/page/5
03/01/2025 22:23:53 - HubbleParser: Image url: https://cdn.esahubble.org/archives/images/large/potw2134a.jpg
03/01/2025 22:24:53 - HubbleParser: Started
03/01/2025 22:25:10 - HubbleParser: Getting image from: https://esahubble.org/images/archive/category/galaxies/page/5
03/01/2025 22:25:10 - HubbleParser: Image url: https://cdn.esahubble.org/archives/images/large/potw2134a.jpg
03/01/2025 22:29:45 - HubbleParser: Started
03/01/2025 22:29:50 - HubbleParser: Getting image from: https://esahubble.org/images/archive/category/galaxies/page/5
03/01/2025 22:29:51 - HubbleParser: Image url: https://cdn.esahubble.org/archives/images/large/potw2134a.jpg
03/01/2025 22:31:36 - HubbleParser: Started
03/01/2025 22:31:36 - HubbleParser: Getting image from: https://esahubble.org/images/archive/category/galaxies/page/5
03/01/2025 22:31:36 - HubbleParser: Image url: https://cdn.esahubble.org/archives/images/large/potw2134a.jpg
03/01/2025 22:32:44 - HubbleParser: Started
03/01/2025 22:32:44 - HubbleParser: Getting image from: https://esahubble.org/images/archive/category/galaxies/page/5
03/01/2025 22:32:44 - HubbleParser: Image url: https://cdn.esahubble.org/archives/images/large/potw2134a.jpg
03/01/2025 22:33:12 - HubbleParser: Started
03/01/2025 22:33:12 - HubbleParser: Getting image from: https://esahubble.org/images/archive/category/galaxies/page/5
03/01/2025 22:33:13 - HubbleParser: Image url: https://cdn.esahubble.org/archives/images/large/potw2134a.jpg
03/01/2025 22:34:28 - HubbleParser: Started
03/01/2025 22:34:28 - HubbleParser: Getting image from: https://esahubble.org/images/archive/category/galaxies/page/5
03/01/2025 22:34:28 - HubbleParser: Image url: https://cdn.esahubble.org/archives/images/large/potw2134a.jpg
03/01/2025 22:34:51 - HubbleParser: Started
03/01/2025 22:34:51 - HubbleParser: Getting image from: https://esahubble.org/images/archive/category/galaxies/page/5
03/01/2025 22:34:51 - HubbleParser: Image url: https://cdn.esahubble.org/archives/images/large/potw2134a.jpg
03/01/2025 22:36:31 - HubbleParser: Started
03/01/2025 22:36:31 - HubbleParser: Getting image from: https://esahubble.org/images/archive/category/galaxies/page/5
03/01/2025 22:36:31 - HubbleParser: Image url: https://cdn.esahubble.org/archives/images/large/potw2134a.jpg
03/01/2025 22:37:18 - HubbleParser: Started
03/01/2025 22:37:18 - HubbleParser: Getting image from: https://esahubble.org/images/archive/category/galaxies/page/5
03/01/2025 22:37:18 - HubbleParser: Image url: https://cdn.esahubble.org/archives/images/large/potw2134a.jpg
03/01/2025 22:37:56 - HubbleParser: Started
03/01/2025 22:37:56 - HubbleParser: Getting image from: https://esahubble.org/images/archive/category/galaxies/page/5
03/01/2025 22:37:56 - HubbleParser: Image url: https://cdn.esahubble.org/archives/images/large/potw2134a.jpg
03/01/2025 22:38:19 - HubbleParser: Started
03/01/2025 22:38:19 - HubbleParser: Getting image from: https://esahubble.org/images/archive/category/galaxies/page/5
03/01/2025 22:38:19 - HubbleParser: Image url: https://cdn.esahubble.org/archives/images/large/potw2134a.jpg
03/01/2025 22:42:04 - APODParser: Started
03/01/2025 22:42:04 - APODParser: Image url: https://apod.nasa.gov/apod/image/1904/M87bh_EHT_2629.jpg
03/01/2025 22:44:28 - HubbleParser: Started
03/01/2025 22:44:37 - HubbleParser: Getting image from: https://esahubble.org/images/archive/category/galaxies/page/3
03/01/2025 22:44:39 - HubbleParser: Image url: https://cdn.esahubble.org/archives/images/large/potw2427a.jpg
03/01/2025 22:48:16 - APODParser: Started
03/01/2025 22:48:16 - APODParser: Image url: https://apod.nasa.gov/apod/image/1704/RedSpider_Vargas_1280.jpg
03/01/2025 22:49:17 - HubbleParser: Started
03/01/2025 22:49:17 - HubbleParser: Getting image from: https://esahubble.org/images/archive/category/galaxies/page/32
03/01/2025 22:49:18 - HubbleParser: Image url: https://cdn.esahubble.org/archives/images/large/opo9812a.jpg
03/01/2025 22:55:52 - HubbleParser: Started
03/01/2025 22:56:07 - HubbleParser: Getting image from: https://esahubble.org/images/archive/category/galaxies/page/27/?sort=-release_date
03/01/2025 22:56:07 - HubbleParser: Image url: https://cdn.esahubble.org/archives/images/large/opo0413d.jpg
03/01/2025 23:01:00 - HubbleParser: Started
03/01/2025 23:07:42 - APODParser: Started
03/01/2025 23:07:42 - APODParser: Image url: https://apod.nasa.gov/apod/image/1701/vdB142_L(HaR)GB-finalLeshin2048.jpg
03/01/2025 23:08:02 - HubbleParser: Started
03/01/2025 23:08:03 - HubbleParser: Errore: Il codice di stato della risposta non indica la riuscita dell'operazione: 404 (Not Found).
03/01/2025 23:08:54 - ESOParser: Started
03/01/2025 23:09:23 - ESOParser: Started
03/01/2025 23:09:37 - ESOParser: Errore: Il codice di stato della risposta non indica la riuscita dell'operazione: 404 (Not Found).
03/01/2025 23:09:43 - ESOParser: Started
03/01/2025 23:10:03 - ESOParser: Started
03/01/2025 23:10:51 - ESOParser: Started
03/01/2025 23:11:14 - ESOParser: Started
03/01/2025 23:11:55 - ESOParser: Started
03/01/2025 23:12:32 - ESOParser: Getting image from: https://www.eso.org/public/images/archive/category/nebulae/list/5/?sort=-release_date
03/01/2025 23:13:05 - ESOParser: Image url: https://cdn.eso.org/images/large/eso1304c.jpg
03/01/2025 23:13:05 - ESOParser: Started
03/01/2025 23:13:10 - ESOParser: Getting image from: https://www.eso.org/public/images/archive/category/starclusters/list/4/?sort=-release_date
03/01/2025 23:13:14 - ESOParser: Image url: https://cdn.eso.org/images/large/eso0216d.jpg
03/01/2025 23:13:28 - ESOParser: Started
03/01/2025 23:13:28 - ESOParser: Getting image from: https://www.eso.org/public/images/archive/category/starclusters/list/1/?sort=-release_date
03/01/2025 23:13:29 - ESOParser: Image url: https://cdn.eso.org/images/large/giraffe_medusa_cc.jpg
